Removed Pin From Net: NetName=3V3 Pin=MC522-1
Removed Pin From Net: NetName=RSTSPI Pin=MC522-2
Removed Pin From Net: NetName=GND Pin=MC522-3
Removed Pin From Net: NetName=RQ Pin=MC522-4
Removed Pin From Net: NetName=MISO Pin=MC522-5
Removed Pin From Net: NetName=MOSI Pin=MC522-6
Removed Pin From Net: NetName=CLK Pin=MC522-7
Removed Pin From Net: NetName=SS Pin=MC522-8
Removed Member From Class: ClassName=Sheet1 Member=MC522
Added Component: Designator=MC?(HDR1X8H)
Add component (AddParameter): Name = "LatestRevisionDate"; Value = "17-Jul-2002"; VariantName = "[No Variations]"
Add component (AddParameter): Name = "LatestRevisionNote"; Value = "Re-released for DXP Platform."; VariantName = "[No Variations]"
Add component (AddParameter): Name = "Publisher"; Value = "Altium Limited"; VariantName = "[No Variations]"
Added Pin To Net: NetName=SS Pin=MC?-1
Added Pin To Net: NetName=CLK Pin=MC?-2
Added Pin To Net: NetName=MOSI Pin=MC?-3
Added Pin To Net: NetName=MISO Pin=MC?-4
Added Pin To Net: NetName=RQ Pin=MC?-5
Added Pin To Net: NetName=GND Pin=MC?-6
Added Pin To Net: NetName=RSTSPI Pin=MC?-7
Added Pin To Net: NetName=3V3 Pin=MC?-8
Added Member To Class: ClassName=Sheet1 Member=Component MC? Header 8H
