Removed Pin From Net: NetName=COM12V Pin=CHOT-3
Removed Pin From Net: NetName=GND Pin=DP?-1
Removed Pin From Net: NetName=COM12V Pin=NGUONPHU-1
Removed Pin From Net: NetName=GND Pin=NGUONPHU-4
Removed Pin From Net: NetName=VCC Pin=NVDK-1
Removed Pin From Net: NetName=GND Pin=NVDK-2
Removed Pin From Net: NetName=GND Pin=PP-1
Removed Member From Class: ClassName=Sheet1 Member=DP?
Removed Member From Class: ClassName=Sheet1 Member=NGUONPHU
Removed Member From Class: ClassName=Sheet1 Member=NVDK
Removed Member From Class: ClassName=Sheet1 Member=PP
Added Component: Designator=P?(HDR1X5H)
Add component (AddParameter): Name = "LatestRevisionDate"; Value = "17-Jul-2002"; VariantName = "[No Variations]"
Add component (AddParameter): Name = "LatestRevisionNote"; Value = "Re-released for DXP Platform."; VariantName = "[No Variations]"
Add component (AddParameter): Name = "Publisher"; Value = "Altium Limited"; VariantName = "[No Variations]"
Added Component: Designator=P?(HDR1X5H)
Add component (AddParameter): Name = "LatestRevisionDate"; Value = "17-Jul-2002"; VariantName = "[No Variations]"
Add component (AddParameter): Name = "LatestRevisionNote"; Value = "Re-released for DXP Platform."; VariantName = "[No Variations]"
Add component (AddParameter): Name = "Publisher"; Value = "Altium Limited"; VariantName = "[No Variations]"
Added Pin To Net: NetName=GND Pin=P?-1
Added Pin To Net: NetName=VCC Pin=P?-1
Added Pin To Net: NetName=GND Pin=P?-2
Added Pin To Net: NetName=VCC Pin=P?-2
Added Pin To Net: NetName=GND Pin=P?-3
Added Pin To Net: NetName=VCC Pin=P?-3
Added Pin To Net: NetName=GND Pin=P?-4
Added Pin To Net: NetName=VCC Pin=P?-4
Added Pin To Net: NetName=GND Pin=P?-5
Added Pin To Net: NetName=VCC Pin=P?-5
Added Pin To Net: NetName=COM12V Pin=PADT-2
Change Net Name : Old Net Name=COM12V New Net Name=12V
Added Pin To Net: NetName=COM12V Pin=CHOT-3
Added Net: Name=COM12V
Added Member To Class: ClassName=Sheet1 Member=Component P? Header 5H
Added Member To Class: ClassName=Sheet1 Member=Component P? Header 5H
Added Member To Class: ClassName=Sheet1 Member=Component VDK ESP32-DEVKITC
Added Room: Name=Sheet1
